2022-12-19 16:56:17,752 INFO 33924 [egg-schedule]: register schedule D:\pzhuwebworkspace\server\node_modules\egg-multipart\app\schedule\clean_tmpdir.js
2022-12-19 16:56:17,752 INFO 33924 [egg-schedule]: register schedule D:\pzhuwebworkspace\server\node_modules\egg-logrotator\app\schedule\clean_log.js
2022-12-19 16:56:17,752 INFO 33924 [egg-schedule]: register schedule D:\pzhuwebworkspace\server\node_modules\egg-logrotator\app\schedule\rotate_by_file.js
2022-12-19 16:56:21,817 INFO 28872 [Timer] D:\pzhuwebworkspace\server\node_modules\egg-multipart\app\schedule\clean_tmpdir.js next time will execute after 41618186ms at 2022-12-20 04:30:00.003
2022-12-19 16:56:21,817 INFO 28872 [Timer] D:\pzhuwebworkspace\server\node_modules\egg-logrotator\app\schedule\clean_log.js next time will execute after 25418183ms at 2022-12-20 00:00:00.000
2022-12-19 16:56:21,817 INFO 28872 [Timer] D:\pzhuwebworkspace\server\node_modules\egg-logrotator\app\schedule\rotate_by_file.js next time will execute after 25419183ms at 2022-12-20 00:00:01.000
2022-12-19 16:58:48,793 INFO 20356 [egg-schedule]: register schedule D:\pzhuwebworkspace\server\node_modules\egg-multipart\app\schedule\clean_tmpdir.js
2022-12-19 16:58:48,793 INFO 20356 [egg-schedule]: register schedule D:\pzhuwebworkspace\server\node_modules\egg-logrotator\app\schedule\clean_log.js
2022-12-19 16:58:48,794 INFO 20356 [egg-schedule]: register schedule D:\pzhuwebworkspace\server\node_modules\egg-logrotator\app\schedule\rotate_by_file.js
2022-12-19 16:58:50,693 INFO 14440 [Timer] D:\pzhuwebworkspace\server\node_modules\egg-multipart\app\schedule\clean_tmpdir.js next time will execute after 41469311ms at 2022-12-20 04:30:00.003
2022-12-19 16:58:50,693 INFO 14440 [Timer] D:\pzhuwebworkspace\server\node_modules\egg-logrotator\app\schedule\clean_log.js next time will execute after 25269307ms at 2022-12-20 00:00:00.000
2022-12-19 16:58:50,693 INFO 14440 [Timer] D:\pzhuwebworkspace\server\node_modules\egg-logrotator\app\schedule\rotate_by_file.js next time will execute after 25270307ms at 2022-12-20 00:00:01.000
2022-12-19 16:59:30,691 INFO 14496 [egg-schedule]: register schedule D:\pzhuwebworkspace\server\node_modules\egg-multipart\app\schedule\clean_tmpdir.js
2022-12-19 16:59:30,691 INFO 14496 [egg-schedule]: register schedule D:\pzhuwebworkspace\server\node_modules\egg-logrotator\app\schedule\clean_log.js
2022-12-19 16:59:30,692 INFO 14496 [egg-schedule]: register schedule D:\pzhuwebworkspace\server\node_modules\egg-logrotator\app\schedule\rotate_by_file.js
2022-12-19 16:59:50,902 INFO 24664 [egg-schedule]: register schedule D:\pzhuwebworkspace\server\node_modules\egg-multipart\app\schedule\clean_tmpdir.js
2022-12-19 16:59:50,902 INFO 24664 [egg-schedule]: register schedule D:\pzhuwebworkspace\server\node_modules\egg-logrotator\app\schedule\clean_log.js
2022-12-19 16:59:50,902 INFO 24664 [egg-schedule]: register schedule D:\pzhuwebworkspace\server\node_modules\egg-logrotator\app\schedule\rotate_by_file.js
2022-12-19 16:59:51,878 INFO 22740 [Timer] D:\pzhuwebworkspace\server\node_modules\egg-multipart\app\schedule\clean_tmpdir.js next time will execute after 41408124ms at 2022-12-20 04:30:00.002
2022-12-19 16:59:51,878 INFO 22740 [Timer] D:\pzhuwebworkspace\server\node_modules\egg-logrotator\app\schedule\clean_log.js next time will execute after 25208122ms at 2022-12-20 00:00:00.000
2022-12-19 16:59:51,879 INFO 22740 [Timer] D:\pzhuwebworkspace\server\node_modules\egg-logrotator\app\schedule\rotate_by_file.js next time will execute after 25209121ms at 2022-12-20 00:00:01.000
2022-12-19 17:00:17,040 INFO 36872 [egg-schedule]: register schedule D:\pzhuwebworkspace\server\node_modules\egg-multipart\app\schedule\clean_tmpdir.js
2022-12-19 17:00:17,040 INFO 36872 [egg-schedule]: register schedule D:\pzhuwebworkspace\server\node_modules\egg-logrotator\app\schedule\clean_log.js
2022-12-19 17:00:17,040 INFO 36872 [egg-schedule]: register schedule D:\pzhuwebworkspace\server\node_modules\egg-logrotator\app\schedule\rotate_by_file.js
2022-12-19 17:00:28,778 INFO 18868 [egg-schedule]: register schedule D:\pzhuwebworkspace\server\node_modules\egg-multipart\app\schedule\clean_tmpdir.js
2022-12-19 17:00:28,778 INFO 18868 [egg-schedule]: register schedule D:\pzhuwebworkspace\server\node_modules\egg-logrotator\app\schedule\clean_log.js
2022-12-19 17:00:28,779 INFO 18868 [egg-schedule]: register schedule D:\pzhuwebworkspace\server\node_modules\egg-logrotator\app\schedule\rotate_by_file.js
2022-12-19 17:00:29,715 INFO 37376 [Timer] D:\pzhuwebworkspace\server\node_modules\egg-multipart\app\schedule\clean_tmpdir.js next time will execute after 41370288ms at 2022-12-20 04:30:00.003
2022-12-19 17:00:29,716 INFO 37376 [Timer] D:\pzhuwebworkspace\server\node_modules\egg-logrotator\app\schedule\clean_log.js next time will execute after 25170284ms at 2022-12-20 00:00:00.000
2022-12-19 17:00:29,716 INFO 37376 [Timer] D:\pzhuwebworkspace\server\node_modules\egg-logrotator\app\schedule\rotate_by_file.js next time will execute after 25171284ms at 2022-12-20 00:00:01.000
2022-12-19 17:01:46,574 INFO 29320 [egg-schedule]: register schedule D:\pzhuwebworkspace\server\node_modules\egg-multipart\app\schedule\clean_tmpdir.js
2022-12-19 17:01:46,574 INFO 29320 [egg-schedule]: register schedule D:\pzhuwebworkspace\server\node_modules\egg-logrotator\app\schedule\clean_log.js
2022-12-19 17:01:46,574 INFO 29320 [egg-schedule]: register schedule D:\pzhuwebworkspace\server\node_modules\egg-logrotator\app\schedule\rotate_by_file.js
2022-12-19 17:01:47,578 INFO 26916 [Timer] D:\pzhuwebworkspace\server\node_modules\egg-multipart\app\schedule\clean_tmpdir.js next time will execute after 41292426ms at 2022-12-20 04:30:00.004
2022-12-19 17:01:47,578 INFO 26916 [Timer] D:\pzhuwebworkspace\server\node_modules\egg-logrotator\app\schedule\clean_log.js next time will execute after 25092422ms at 2022-12-20 00:00:00.000
2022-12-19 17:01:47,578 INFO 26916 [Timer] D:\pzhuwebworkspace\server\node_modules\egg-logrotator\app\schedule\rotate_by_file.js next time will execute after 25093422ms at 2022-12-20 00:00:01.000
2022-12-19 17:03:10,867 INFO 40948 [egg-schedule]: register schedule D:\pzhuwebworkspace\server\node_modules\egg-multipart\app\schedule\clean_tmpdir.js
2022-12-19 17:03:10,867 INFO 40948 [egg-schedule]: register schedule D:\pzhuwebworkspace\server\node_modules\egg-logrotator\app\schedule\clean_log.js
2022-12-19 17:03:10,867 INFO 40948 [egg-schedule]: register schedule D:\pzhuwebworkspace\server\node_modules\egg-logrotator\app\schedule\rotate_by_file.js
2022-12-19 17:03:11,767 INFO 19900 [Timer] D:\pzhuwebworkspace\server\node_modules\egg-multipart\app\schedule\clean_tmpdir.js next time will execute after 41208235ms at 2022-12-20 04:30:00.002
2022-12-19 17:03:11,768 INFO 19900 [Timer] D:\pzhuwebworkspace\server\node_modules\egg-logrotator\app\schedule\clean_log.js next time will execute after 25008233ms at 2022-12-20 00:00:00.001
2022-12-19 17:03:11,768 INFO 19900 [Timer] D:\pzhuwebworkspace\server\node_modules\egg-logrotator\app\schedule\rotate_by_file.js next time will execute after 25009232ms at 2022-12-20 00:00:01.000
